File: val9D.dat
Vertici: 50
Lati: 92
Capacita`: 70
Tempo disponibile: 44
(0, 4): 3, 12, 8.00.
(0, 8): 3, 7, 16.00.
(0, 9): 4, 13, 23.00.
(0, 14): 4, 8, 14.00.
(0, 15): 4, 12, 25.00.
(1, 2): 2, 3, 6.00.
(1, 4): 2, 4, 6.00.
(2, 3): 3, 6, 14.00.
(2, 5): 4, 7, 11.00.
(3, 6): 3, 6, 11.00.
(4, 5): 2, 8, 7.00.
(4, 9): 2, 5, 11.00.
(5, 6): 3, 7, 10.00.
(5, 10): 3, 6, 5.00.
(6, 11): 2, 8, 16.00.
(7, 8): 5, 10, 18.00.
(7, 12): 6, 11, 28.00.
(8, 12): 4, 12, 26.00.
(8, 13): 1, 3, 3.00.
(9, 10): 2, 4, 9.00.
(9, 16): 4, 8, 12.00.
(10, 11): 2, 5, 11.00.
(10, 17): 3, 9, 14.00.
(11, 18): 4, 8, 10.00.
(12, 20): 1, 3, 4.00.
(12, 21): 4, 10, 19.00.
(13, 14): 3, 5, 6.00.
(13, 21): 4, 8, 8.00.
(13, 22): 2, 5, 11.00.
(14, 15): 4, 10, 11.00.
(14, 22): 1, 3, 3.00.
(14, 23): 2, 4, 5.00.
(15, 16): 3, 7, 16.00.
(16, 17): 1, 3, 2.00.
(16, 23): 4, 12, 20.00.
(16, 29): 6, 14, 25.00.
(16, 30): 4, 15, 28.00.
(17, 18): 1, 2, 2.00.
(18, 31): 7, 16, 31.00.
(19, 20): 1, 5, 7.00.
(19, 24): 3, 5, 13.00.
(20, 21): 2, 4, 5.00.
(20, 25): 2, 4, 3.00.
(21, 22): 5, 8, 12.00.
(21, 27): 4, 8, 8.00.
(22, 23): 2, 5, 9.00.
(22, 27): 2, 4, 7.00.
(22, 28): 4, 3, 9.00.
(23, 28): 2, 6, 9.00.
(23, 29): 3, 5, 13.00.
(24, 25): 2, 4, 5.00.
(24, 32): 1, 4, 7.00.
(25, 26): 3, 5, 10.00.
(25, 33): 4, 6, 13.00.
(26, 27): 1, 3, 4.00.
(26, 34): 2, 7, 9.00.
(27, 28): 5, 8, 10.00.
(27, 35): 5, 8, 13.00.
(28, 29): 1, 4, 6.00.
(28, 36): 3, 7, 11.00.
(29, 37): 3, 4, 5.00.
(29, 38): 2, 5, 10.00.
(30, 31): 2, 7, 10.00.
(30, 38): 4, 6, 7.00.
(31, 39): 2, 4, 6.00.
(32, 33): 2, 4, 7.00.
(32, 40): 4, 11, 22.00.
(33, 34): 1, 5, 7.00.
(33, 41): 4, 10, 8.00.
(34, 35): 2, 4, 8.00.
(34, 42): 6, 14, 17.00.
(35, 37): 1, 3, 2.00.
(35, 43): 5, 10, 23.00.
(36, 37): 2, 5, 11.00.
(36, 43): 3, 8, 6.00.
(37, 38): 3, 7, 11.00.
(37, 45): 3, 12, 22.00.
(38, 39): 4, 10, 9.00.
(38, 46): 5, 14, 24.00.
(39, 46): 3, 10, 17.00.
(40, 41): 2, 4, 8.00.
(41, 42): 2, 5, 9.00.
(42, 43): 4, 10, 9.00.
(42, 47): 7, 12, 23.00.
(43, 44): 2, 5, 5.00.
(44, 45): 2, 4, 7.00.
(44, 47): 5, 12, 14.00.
(44, 48): 3, 8, 13.00.
(44, 49): 3, 7, 14.00.
(45, 49): 2, 4, 5.00.
(47, 48): 4, 10, 14.00.
(48, 49): 2, 8, 9.00.
Deposito: 0
